2026-02-24 20:44:43,051 - quantum_simulations_framework.__main__ - INFO - MesoHOPS modules imported successfully
Quantum Agrivoltaics Framework - MesoHOPS Implementation
========================================================
Date: 2026-02-24 20:44:43
MesoHOPS Available: True

✓ Configuration loaded successfully
  - Temperature: 295 K
  - Max Hierarchy: 10
  - Target PCE: 18.0%

✓ Output directories configured:
  - Simulation Data: /media/taamangtchu/MYDATA/Github/Quantum_Agrivoltaic_HOPS/Redac_Paper1/quantum_simulations_framework/../simulation_data
  - Graphics: /media/taamangtchu/MYDATA/Github/Quantum_Agrivoltaic_HOPS/Redac_Paper1/quantum_simulations_framework/../Graphics
  - Figures: /media/taamangtchu/MYDATA/Github/Quantum_Agrivoltaic_HOPS/Redac_Paper1/quantum_simulations_framework/../figures

=== Quantum Information Metrics Available ===

 1. Quantum Fisher Information (QFI)    - Parameter estimation sensitivity
 2. Von Neumann Entropy                 - System mixedness
 3. Purity                              - State coherence preservation
 4. Linear Entropy                      - Mixed state approximation
 5. Concurrence                         - Bipartite entanglement
 6. Bipartite Entanglement              - Subsystem correlations
 7. Multipartite Entanglement           - Multi-site quantum correlations
 8. Pairwise Concurrence                - Average pair entanglement
 9. Quantum Discord                     - Non-classical correlations
10. Coherence (l₁-norm)                 - Quantum coherence measure
11. Fidelity                            - State preservation

All metrics computed during quantum dynamics simulation.
2026-02-24 20:44:43,089 - quantum_simulations_framework.__main__ - INFO - Framework modules imported successfully
✓ Core modules imported successfully
  - FMO Site Energies: [12410 12530 12210 12320 12480 12630 12440]
  - FMO Couplings: 21 connections
  - Default Temperature: 295.0 K
  - MesoHOPS Available: True

✓ FMO Hamiltonian created successfully
  - Size: (7, 7)
  - Site energies: [12410 12530 12210 12320 12480 12630 12440]

Initializing HOPS Simulator with MesoHOPS integration...
✓ HOPS Simulator initialized
  - Simulator type: MesoHOPS (PT + SBD)
  - Using MesoHOPS: True
  - Temperature: 295.0 K
  - Max hierarchy: 10

Running quantum dynamics simulation...
✓ Quantum dynamics simulation completed
  - Time points: 1000
  - Simulation time: 1000.0 fs
  - Result keys: ['t_axis', 'populations', 'coherences', 'qfi', 'entropy', 'purity', 'linear_entropy', 'simulator', 'n_traj_used', 'max_hierarchy_used']
  - Population shape: (501, 7)
  - Initial population (site 1): 1.0000
  - Final population (site 1): 0.0000
  - Energy transfer efficiency: 1.0000 (100.00%)
  - Final total population: 0.0000
  - Coherence decay: 0.0000 → 0.0000

Initializing Agrivoltaic Coupling Model...
✓ Agrivoltaic Coupling Model initialized
  - OPV sites: 4
  - PSU sites: 7
  - Total sites: 28

Setting up Spectral Optimization...
✓ Spectral optimizer initialized with 801 wavelength points

Running spectral optimization...
differential_evolution step 1: f(x)= -0.3643375506546723
differential_evolution step 2: f(x)= -0.39898671555017606
differential_evolution step 3: f(x)= -0.421836518649521
differential_evolution step 4: f(x)= -0.421836518649521
differential_evolution step 5: f(x)= -0.4597578281584437
differential_evolution step 6: f(x)= -0.4597578281584437
differential_evolution step 7: f(x)= -0.4597578281584437
differential_evolution step 8: f(x)= -0.47708253359836017
differential_evolution step 9: f(x)= -0.47708253359836017
differential_evolution step 10: f(x)= -0.47708253359836017
differential_evolution step 11: f(x)= -0.47708253359836017
differential_evolution step 12: f(x)= -0.47708253359836017
differential_evolution step 13: f(x)= -0.47708253359836017
differential_evolution step 14: f(x)= -0.49474989051672597
differential_evolution step 15: f(x)= -0.49474989051672597
differential_evolution step 16: f(x)= -0.49474989051672597
differential_evolution step 17: f(x)= -0.4949663034966464
differential_evolution step 18: f(x)= -0.4949663034966464
differential_evolution step 19: f(x)= -0.4956102355850637
differential_evolution step 20: f(x)= -0.4967091005925486
Polishing solution with 'L-BFGS-B'
✓ Spectral optimization completed:
  - Optimal PCE: 0.1883
  - Optimal ETR: 0.8051
  - Success: False
  - Function evaluations: 1736
  - Results saved to: ../simulation_data/spectral_optimization_20260224_204609.csv

Initializing Eco-Design Analyzer...
✓ Material evaluation completed:
  - Material: PM6 Derivative (Molecule A)
  - PCE: 0.155 (Score: 0.861)
  - B-index: 101.5
  - BDE: 285.0 kJ/mol
  - LC50: 450.0 mg/L
  - Sustainability Score: 1.117
  ---
  - Material: Y6-BO Derivative (Molecule B)
  - PCE: 0.152 (Score: 0.844)
  - B-index: 59.7
  - BDE: 310.0 kJ/mol
  - LC50: 420.0 mg/L
  - Sustainability Score: 0.909
  ---
Initializing Biodegradability Analyzer...
✓ Fukui functions calculated successfully
  - Max nucleophilic: -0.000
  - Max electrophilic: -0.000
  - Max radical: -0.000

Initializing Testing and Validation Protocols...
✓ Validation completed:
  - Tests passed: 5/8
  - Pass rate: 62.5%
  - Hamiltonian validation passed: 2 tests

Initializing LCA Analyzer...
✓ LCA completed:
  - Carbon footprint: 38.3 gCO2eq/kWh
  - Energy payback time: 1.63 years
  - EROI: 6.7
  - Total carbon emissions: 195 kg CO2-eq
  - Total energy output: 2760 MJ

Initializing Techno-Economic Model...
✓ Techno-Economic evaluation completed (10ha farm, 30% coverage):
  - NPV: $6,819,677.46
  - ROI: 260.5%
  - Payback Period: 5.5 years
  - Revenue per hectare: $105,471.60/yr

Initializing 2D Electronic Spectroscopy (2DES) simulation...
  ✓ 2DES spectrum (T=0.0fs) saved to: ../Graphics/spectroscopy_2des_20260224_204844.pdf
  ✓ 2DES spectrum (T=500.0fs) saved to: ../Graphics/spectroscopy_2des_20260224_204845.pdf
✓ 2DES spectroscopy simulation completed

Initializing Data Storage System...
✓ Quantum dynamics saved to: ../simulation_data/quantum_dynamics_20260224_204845.csv
✓ Agrivoltaic results saved to: ../simulation_data/agrivoltaic_results_20260224_204845.csv
✓ Eco-design results saved to: ../simulation_data/eco_design_results_20260224_204845.csv

Initializing Figure Generation System...
✓ Quantum dynamics figure saved to: ../Graphics/quantum_dynamics_20260224_204845.pdf
✓ Agrivoltaic performance figure saved to: ../Graphics/agrivoltaic_performance_20260224_204847.pdf
✓ Spectral optimization figure saved to: ../Graphics/spectral_optimization_20260224_204849.pdf

Initializing Sensitivity Analysis...
✓ Sensitivity analysis completed:
  - Parameters analyzed: ['temperature', 'dephasing_rate', 'transmission_center', 'transmission_width', 'dust_thickness']
  - Total samples: 10

Initializing Environmental Factors Model...
✓ Environmental modeling completed:
  - Time range: 365 days
  - PCE range: 0.159 - 0.170
  - ETR range: 0.840 - 0.898
  - Max dust thickness: 1.11
  - Environmental data saved to: ../simulation_data/environmental_effects_20260224_204851.csv
  - Environmental effects plot saved to: ../Graphics/environmental_effects_20260224_204851.pdf

============================================================
QUANTUM AGRIVOLTAICS WITH MESOHOPS FRAMEWORK - SUMMARY
============================================================
Framework Version: MesoHOPS Integration Complete
Simulation Date: 2026-02-24 20:48:54

KEY COMPONENTS INITIALIZED:
  ✓ HOPS Simulator: MesoHOPS (PT + SBD)
  ✓ Quantum Dynamics: True
  ✓ Agrivoltaic Model: AgrivoltaicCouplingModel
  ✓ Spectral Optimizer: SpectralOptimizer
  ✓ Eco-Design Analyzer: EcoDesignAnalyzer
  ✓ Biodegradability Analyzer: BiodegradabilityAnalyzer
  ✓ Validation Protocols: TestingValidationProtocols
  ✓ LCA Analyzer: LCAAnalyzer
  ✓ Data Storage: CSVDataStorage
  ✓ Figure Generator: FigureGenerator

KEY RESULTS ACHIEVED:
  ✓ FMO Hamiltonian: (7, 7)
  ✓ Quantum Dynamics: 1000 time points
  ✓ Energy Transfer: 100.00%
  ✓ Material PCE: 0.155
  ✓ B-Index: 101.5
  ✓ Optimized PCE: 0.188
  ✓ Optimized ETR: 0.805

FILES CREATED:
  ✓ Quantum dynamics results saved
  ✓ Agrivoltaic performance results saved
  ✓ Eco-design analysis results saved
  ✓ Multiple visualization files created
  ✓ Environmental data saved

STATUS: MesoHOPS framework fully implemented and operational
============================================================
=== Sub-Saharan Africa ETR Enhancement Analysis ===

  Yaoundé, Cameroon (3.87°N)
    - Climate: Tropical
    - AOD Range: 0.3-0.5

  N'Djamena, Chad (12.13°N)
    - Climate: Sahel/Semi-arid
    - AOD Range: 0.4-0.8

  Abuja, Nigeria (9.06°N)
    - Climate: Savanna
    - AOD Range: 0.3-0.6

  Dakar, Senegal (14.69°N)
    - Climate: Sahelian
    - AOD Range: 0.4-0.7

  Abidjan, Ivory Coast (5.36°N)
    - Climate: Equatorial
    - AOD Range: 0.3-0.5

Note: See Graphics/SubSaharan_ETR_Enhancement_Analysis.pdf for detailed visualization
