\BOOKMARK [1][-]{section.1}{\376\377\000E\000n\000v\000i\000r\000o\000n\000m\000e\000n\000t\000a\000l\000\040\000f\000a\000c\000t\000o\000r\000\040\000m\000o\000d\000e\000l\000s}{}% 1
\BOOKMARK [2][-]{subsection.1.1}{\376\377\000S\000o\000l\000a\000r\000\040\000s\000p\000e\000c\000t\000r\000a\000l\000\040\000m\000o\000d\000e\000l\000i\000n\000g}{section.1}% 2
\BOOKMARK [3][-]{subsubsection.1.1.1}{\376\377\000R\000e\000f\000e\000r\000e\000n\000c\000e\000\040\000s\000p\000e\000c\000t\000r\000u\000m\000\040\000\050\000A\000M\0001\000.\0005\000G\000\051}{subsection.1.1}% 3
\BOOKMARK [3][-]{subsubsection.1.1.2}{\376\377\000G\000e\000o\000g\000r\000a\000p\000h\000i\000c\000\040\000v\000a\000r\000i\000a\000t\000i\000o\000n\000s}{subsection.1.1}% 4
\BOOKMARK [3][-]{subsubsection.1.1.3}{\376\377\000S\000e\000a\000s\000o\000n\000a\000l\000\040\000a\000n\000d\000\040\000d\000i\000u\000r\000n\000a\000l\000\040\000v\000a\000r\000i\000a\000t\000i\000o\000n\000s}{subsection.1.1}% 5
\BOOKMARK [2][-]{subsection.1.2}{\376\377\000A\000t\000m\000o\000s\000p\000h\000e\000r\000i\000c\000\040\000e\000f\000f\000e\000c\000t\000s}{section.1}% 6
\BOOKMARK [3][-]{subsubsection.1.2.1}{\376\377\000A\000e\000r\000o\000s\000o\000l\000\040\000o\000p\000t\000i\000c\000a\000l\000\040\000d\000e\000p\000t\000h\000\040\000\050\000A\000O\000D\000\051}{subsection.1.2}% 7
\BOOKMARK [3][-]{subsubsection.1.2.2}{\376\377\000W\000a\000t\000e\000r\000\040\000v\000a\000p\000o\000r\000\040\000a\000b\000s\000o\000r\000p\000t\000i\000o\000n}{subsection.1.2}% 8
\BOOKMARK [3][-]{subsubsection.1.2.3}{\376\377\000C\000l\000o\000u\000d\000\040\000c\000o\000v\000e\000r\000\040\000a\000n\000d\000\040\000d\000i\000f\000f\000u\000s\000e\000\040\000r\000a\000d\000i\000a\000t\000i\000o\000n}{subsection.1.2}% 9
\BOOKMARK [2][-]{subsection.1.3}{\376\377\000D\000u\000s\000t\000\040\000a\000n\000d\000\040\000s\000o\000i\000l\000i\000n\000g\000\040\000e\000f\000f\000e\000c\000t\000s}{section.1}% 10
\BOOKMARK [3][-]{subsubsection.1.3.1}{\376\377\000P\000a\000r\000t\000i\000c\000l\000e\000\040\000a\000c\000c\000u\000m\000u\000l\000a\000t\000i\000o\000n\000\040\000m\000o\000d\000e\000l}{subsection.1.3}% 11
\BOOKMARK [3][-]{subsubsection.1.3.2}{\376\377\000S\000p\000e\000c\000t\000r\000a\000l\000\040\000s\000e\000l\000e\000c\000t\000i\000v\000i\000t\000y\000\040\000o\000f\000\040\000s\000o\000i\000l\000i\000n\000g}{subsection.1.3}% 12
\BOOKMARK [2][-]{subsection.1.4}{\376\377\000W\000e\000a\000t\000h\000e\000r\000\040\000m\000o\000d\000e\000l\000i\000n\000g}{section.1}% 13
\BOOKMARK [2][-]{subsection.1.5}{\376\377\000I\000n\000t\000e\000g\000r\000a\000t\000i\000o\000n\000\040\000w\000i\000t\000h\000\040\000q\000u\000a\000n\000t\000u\000m\000\040\000s\000i\000m\000u\000l\000a\000t\000i\000o\000n\000s}{section.1}% 14
\BOOKMARK [1][-]{section.2}{\376\377\000B\000i\000o\000d\000e\000g\000r\000a\000d\000a\000b\000i\000l\000i\000t\000y\000\040\000a\000s\000s\000e\000s\000s\000m\000e\000n\000t}{}% 15
\BOOKMARK [2][-]{subsection.2.1}{\376\377\000F\000u\000k\000u\000i\000\040\000f\000u\000n\000c\000t\000i\000o\000n\000\040\000a\000n\000a\000l\000y\000s\000i\000s}{section.2}% 16
\BOOKMARK [3][-]{subsubsection.2.1.1}{\376\377\000T\000h\000e\000o\000r\000e\000t\000i\000c\000a\000l\000\040\000f\000r\000a\000m\000e\000w\000o\000r\000k}{subsection.2.1}% 17
\BOOKMARK [3][-]{subsubsection.2.1.2}{\376\377\000C\000o\000m\000p\000u\000t\000a\000t\000i\000o\000n\000a\000l\000\040\000d\000e\000t\000a\000i\000l\000s}{subsection.2.1}% 18
\BOOKMARK [2][-]{subsection.2.2}{\376\377\000G\000l\000o\000b\000a\000l\000\040\000r\000e\000a\000c\000t\000i\000v\000i\000t\000y\000\040\000d\000e\000s\000c\000r\000i\000p\000t\000o\000r\000s}{section.2}% 19
\BOOKMARK [3][-]{subsubsection.2.2.1}{\376\377\000C\000h\000e\000m\000i\000c\000a\000l\000\040\000h\000a\000r\000d\000n\000e\000s\000s\000\040\000a\000n\000d\000\040\000s\000o\000f\000t\000n\000e\000s\000s}{subsection.2.2}% 20
\BOOKMARK [3][-]{subsubsection.2.2.2}{\376\377\000E\000l\000e\000c\000t\000r\000o\000p\000h\000i\000l\000i\000c\000i\000t\000y\000\040\000i\000n\000d\000e\000x}{subsection.2.2}% 21
\BOOKMARK [3][-]{subsubsection.2.2.3}{\376\377\000N\000u\000c\000l\000e\000o\000p\000h\000i\000l\000i\000c\000i\000t\000y\000\040\000i\000n\000d\000e\000x}{subsection.2.2}% 22
\BOOKMARK [2][-]{subsection.2.3}{\376\377\000E\000n\000z\000y\000m\000a\000t\000i\000c\000\040\000d\000e\000g\000r\000a\000d\000a\000t\000i\000o\000n\000\040\000p\000a\000t\000h\000w\000a\000y\000s}{section.2}% 23
\BOOKMARK [3][-]{subsubsection.2.3.1}{\376\377\000H\000y\000d\000r\000o\000l\000a\000s\000e\000\040\000a\000t\000t\000a\000c\000k\000\040\000\050\000e\000s\000t\000e\000r\000\040\000l\000i\000n\000k\000a\000g\000e\000s\000\051}{subsection.2.3}% 24
\BOOKMARK [3][-]{subsubsection.2.3.2}{\376\377\000O\000x\000i\000d\000a\000s\000e\000\040\000a\000t\000t\000a\000c\000k\000\040\000\050\000a\000r\000o\000m\000a\000t\000i\000c\000\040\000r\000i\000n\000g\000s\000\051}{subsection.2.3}% 25
\BOOKMARK [3][-]{subsubsection.2.3.3}{\376\377\000B\000o\000n\000d\000\040\000d\000i\000s\000s\000o\000c\000i\000a\000t\000i\000o\000n\000\040\000e\000n\000e\000r\000g\000i\000e\000s}{subsection.2.3}% 26
\BOOKMARK [2][-]{subsection.2.4}{\376\377\000B\000i\000o\000d\000e\000g\000r\000a\000d\000a\000b\000i\000l\000i\000t\000y\000\040\000i\000n\000d\000e\000x}{section.2}% 27
\BOOKMARK [1][-]{section.3}{\376\377\000E\000x\000t\000e\000n\000d\000e\000d\000\040\000v\000a\000l\000i\000d\000a\000t\000i\000o\000n\000\040\000d\000a\000t\000a}{}% 28
\BOOKMARK [2][-]{subsection.3.1}{\376\377\000F\000M\000O\000\040\000c\000o\000m\000p\000l\000e\000x\000\040\000H\000a\000m\000i\000l\000t\000o\000n\000i\000a\000n}{section.3}% 29
\BOOKMARK [2][-]{subsection.3.2}{\376\377\000C\000o\000n\000v\000e\000r\000g\000e\000n\000c\000e\000\040\000t\000e\000s\000t\000s\000\040\000\050\0004\000\040\000t\000e\000s\000t\000s\000\051}{section.3}% 30
\BOOKMARK [3][-]{subsubsection.3.2.1}{\376\377\000T\000e\000s\000t\000\040\0002\000:\000\040\000M\000a\000t\000s\000u\000b\000a\000r\000a\000\040\000c\000u\000t\000o\000f\000f\000\040\000c\000o\000n\000v\000e\000r\000g\000e\000n\000c\000e}{subsection.3.2}% 31
\BOOKMARK [3][-]{subsubsection.3.2.2}{\376\377\000T\000e\000s\000t\000\040\0004\000:\000\040\000H\000i\000e\000r\000a\000r\000c\000h\000y\000\040\000t\000r\000u\000n\000c\000a\000t\000i\000o\000n\000\040\000c\000o\000n\000v\000e\000r\000g\000e\000n\000c\000e}{subsection.3.2}% 32
\BOOKMARK [2][-]{subsection.3.3}{\376\377\000P\000h\000y\000s\000i\000c\000a\000l\000\040\000c\000o\000n\000s\000i\000s\000t\000e\000n\000c\000y\000\040\000t\000e\000s\000t\000s\000\040\000\050\0004\000\040\000t\000e\000s\000t\000s\000\051}{section.3}% 33
\BOOKMARK [3][-]{subsubsection.3.3.1}{\376\377\000T\000e\000s\000t\000\040\0005\000:\000\040\000T\000r\000a\000c\000e\000\040\000p\000r\000e\000s\000e\000r\000v\000a\000t\000i\000o\000n}{subsection.3.3}% 34
\BOOKMARK [3][-]{subsubsection.3.3.2}{\376\377\000T\000e\000s\000t\000\040\0006\000:\000\040\000P\000o\000s\000i\000t\000i\000v\000i\000t\000y}{subsection.3.3}% 35
\BOOKMARK [3][-]{subsubsection.3.3.3}{\376\377\000T\000e\000s\000t\000\040\0008\000:\000\040\000D\000e\000t\000a\000i\000l\000e\000d\000\040\000b\000a\000l\000a\000n\000c\000e}{subsection.3.3}% 36
\BOOKMARK [2][-]{subsection.3.4}{\376\377\000E\000n\000v\000i\000r\000o\000n\000m\000e\000n\000t\000a\000l\000\040\000r\000o\000b\000u\000s\000t\000n\000e\000s\000s\000\040\000t\000e\000s\000t\000s\000\040\000\050\0004\000\040\000t\000e\000s\000t\000s\000\051}{section.3}% 37
\BOOKMARK [3][-]{subsubsection.3.4.1}{\376\377\000T\000e\000s\000t\000\040\0001\0000\000:\000\040\000S\000t\000a\000t\000i\000c\000\040\000d\000i\000s\000o\000r\000d\000e\000r}{subsection.3.4}% 38
\BOOKMARK [3][-]{subsubsection.3.4.2}{\376\377\000T\000e\000s\000t\000\040\0001\0001\000:\000\040\000B\000a\000t\000h\000\040\000p\000a\000r\000a\000m\000e\000t\000e\000r\000\040\000v\000a\000r\000i\000a\000t\000i\000o\000n\000s}{subsection.3.4}% 39
\BOOKMARK [3][-]{subsubsection.3.4.3}{\376\377\000T\000e\000s\000t\000\040\0001\0002\000:\000\040\000M\000a\000r\000k\000o\000v\000i\000a\000n\000\040\000l\000i\000m\000i\000t\000\040\000r\000e\000c\000o\000v\000e\000r\000y}{subsection.3.4}% 40
\BOOKMARK [2][-]{subsection.3.5}{\376\377\000S\000u\000m\000m\000a\000r\000y\000\040\000t\000a\000b\000l\000e\000:\000\040\000v\000a\000l\000i\000d\000a\000t\000i\000o\000n\000\040\000r\000e\000s\000u\000l\000t\000s}{section.3}% 41
\BOOKMARK [1][-]{section.4}{\376\377\000C\000o\000m\000p\000l\000e\000t\000e\000\040\000F\000M\000O\000\040\000p\000a\000r\000a\000m\000e\000t\000e\000r\000\040\000s\000e\000t\000s}{}% 42
\BOOKMARK [2][-]{subsection.4.1}{\376\377\000S\000i\000t\000e\000\040\000e\000n\000e\000r\000g\000i\000e\000s\000\040\000\050\000A\000d\000o\000l\000p\000h\000s\000\040\000\046\000\040\000R\000e\000n\000g\000e\000r\000,\000\040\0002\0000\0000\0006\000\051}{section.4}% 43
\BOOKMARK [2][-]{subsection.4.2}{\376\377\000E\000l\000e\000c\000t\000r\000o\000n\000i\000c\000\040\000c\000o\000u\000p\000l\000i\000n\000g\000s}{section.4}% 44
\BOOKMARK [2][-]{subsection.4.3}{\376\377\000S\000p\000e\000c\000t\000r\000a\000l\000\040\000d\000e\000n\000s\000i\000t\000y\000\040\000p\000a\000r\000a\000m\000e\000t\000e\000r\000s}{section.4}% 45
\BOOKMARK [1][-]{section.5}{\376\377\000P\000r\000o\000c\000e\000s\000s\000\040\000T\000e\000n\000s\000o\000r\000-\000H\000O\000P\000S\000\040\000w\000i\000t\000h\000\040\000l\000o\000w\000-\000t\000e\000m\000p\000e\000r\000a\000t\000u\000r\000e\000\040\000c\000o\000r\000r\000e\000c\000t\000i\000o\000n}{}% 46
\BOOKMARK [2][-]{subsection.5.1}{\376\377\000P\000a\000d\000\351\000\040\000d\000e\000c\000o\000m\000p\000o\000s\000i\000t\000i\000o\000n\000\040\000o\000f\000\040\000b\000a\000t\000h\000\040\000c\000o\000r\000r\000e\000l\000a\000t\000i\000o\000n\000\040\000f\000u\000n\000c\000t\000i\000o\000n}{section.5}% 47
\BOOKMARK [2][-]{subsection.5.2}{\376\377\000L\000o\000w\000-\000t\000e\000m\000p\000e\000r\000a\000t\000u\000r\000e\000\040\000c\000o\000r\000r\000e\000c\000t\000i\000o\000n\000\040\000p\000a\000r\000a\000m\000e\000t\000e\000r\000s}{section.5}% 48
\BOOKMARK [1][-]{section.6}{\376\377\000C\000o\000m\000p\000u\000t\000a\000t\000i\000o\000n\000a\000l\000\040\000p\000e\000r\000f\000o\000r\000m\000a\000n\000c\000e\000\040\000m\000e\000t\000r\000i\000c\000s}{}% 49
\BOOKMARK [2][-]{subsection.6.1}{\376\377\000H\000a\000r\000d\000w\000a\000r\000e\000\040\000s\000p\000e\000c\000i\000f\000i\000c\000a\000t\000i\000o\000n\000s}{section.6}% 50
\BOOKMARK [2][-]{subsection.6.2}{\376\377\000S\000c\000a\000l\000i\000n\000g\000\040\000a\000n\000a\000l\000y\000s\000i\000s}{section.6}% 51
\BOOKMARK [2][-]{subsection.6.3}{\376\377\000P\000a\000r\000a\000l\000l\000e\000l\000i\000z\000a\000t\000i\000o\000n\000\040\000e\000f\000f\000i\000c\000i\000e\000n\000c\000y}{section.6}% 52
\BOOKMARK [1][-]{section.7}{\376\377\000A\000d\000d\000i\000t\000i\000o\000n\000a\000l\000\040\000f\000i\000g\000u\000r\000e\000s}{}% 53
\BOOKMARK [2][-]{subsection.7.1}{\376\377\000F\000i\000g\000u\000r\000e\000\040\000S\0001\000:\000\040\000s\000p\000e\000c\000t\000r\000a\000l\000\040\000d\000e\000n\000s\000i\000t\000y\000\040\000c\000o\000m\000p\000o\000n\000e\000n\000t\000s}{section.7}% 54
\BOOKMARK [2][-]{subsection.7.2}{\376\377\000F\000i\000g\000u\000r\000e\000\040\000S\0002\000:\000\040\000g\000l\000o\000b\000a\000l\000\040\000r\000e\000a\000c\000t\000i\000v\000i\000t\000y\000\040\000i\000n\000d\000i\000c\000e\000s}{section.7}% 55
\BOOKMARK [2][-]{subsection.7.3}{\376\377\000F\000i\000g\000u\000r\000e\000\040\000S\0003\000:\000\040\000P\000A\000R\000\040\000t\000r\000a\000n\000s\000m\000i\000s\000s\000i\000o\000n\000\040\000\050\000c\000l\000e\000a\000n\000\040\000v\000s\000\040\000d\000u\000s\000t\000y\000\051}{section.7}% 56
\BOOKMARK [2][-]{subsection.7.4}{\376\377\000F\000i\000g\000u\000r\000e\000\040\000S\0004\000:\000\040\000r\000e\000s\000p\000o\000n\000s\000e\000\040\000f\000u\000n\000c\000t\000i\000o\000n\000s}{section.7}% 57
\BOOKMARK [2][-]{subsection.7.5}{\376\377\000F\000i\000g\000u\000r\000e\000\040\000S\0005\000:\000\040\000g\000e\000o\000g\000r\000a\000p\000h\000i\000c\000\040\000c\000l\000i\000m\000a\000t\000e\000\040\000m\000a\000p\000s}{section.7}% 58
\BOOKMARK [2][-]{subsection.7.6}{\376\377\000F\000i\000g\000u\000r\000e\000\040\000S\0006\000:\000\040\000E\000T\000R\000\040\000u\000n\000c\000e\000r\000t\000a\000i\000n\000t\000y\000\040\000d\000i\000s\000t\000r\000i\000b\000u\000t\000i\000o\000n\000s}{section.7}% 59
